2021年06月21日18時17分24秒_movie not playing.
2021年06月21日18時19分40秒_movie not playing.
2021年06月21日18時21分31秒_movie not playing.
2021年06月21日18時23分11秒_movie not playing.
2021年06月21日18時24分40秒_movie not playing.
2021年06月21日18時25分00秒_movie not playing.
2021年06月21日18時25分12秒_movie not playing.
2021年06月21日18時26分29秒_movie not playing.
2021年06月21日18時27分40秒_movie not playing.
2021年06月22日09時32分12秒_movie not playing.
2021年06月22日09時34分55秒_movie not playing.
2021年06月22日09時36分09秒_movie not playing.
2021年06月22日09時37分21秒_movie not playing.
2021年06月22日09時37分35秒_movie not playing.
2021年06月22日09時38分22秒_movie not playing.
2021年06月22日09時38分54秒_movie not playing.
2021年06月22日09時39分30秒_movie not playing.
2021年06月22日09時39分58秒_movie not playing.
2021年06月22日09時40分52秒_movie not playing.
2021年06月22日09時42分36秒_movie not playing.
not message
2021年06月22日09時47分55秒_movie not playing.
2021年06月22日09時49分20秒_movie stopping.
2021年06月22日09時49分21秒_movie stopping.
2021年06月22日09時49分22秒_movie stopping.
2021年06月22日09時50分55秒_movie stopping.
2021年06月22日09時50分56秒_movie stopping.
2021年06月22日09時51分34秒_movie stopping.
2021年06月22日09時52分16秒_movie stopping.
2021年06月22日09時52分25秒_movie stopping.
2021年06月22日09時56分05秒_movie stopping.
2021年06月22日09時56分30秒_movie stopping.
2021年06月22日09時56分40秒_movie stopping.
2021年06月22日09時56分42秒_movie stopping.
2021年06月22日09時56分43秒_movie stopping.
2021年06月22日09時56分44秒_movie stopping.
2021年06月22日09時56分45秒_movie stopping.
2021年06月22日09時56分46秒_movie stopping.
2021年06月22日09時56分47秒_movie stopping.
2021年06月22日09時57分10秒_movie stopping.
2021年06月22日09時57分13秒_movie stopping.
2021年06月22日09時57分14秒_movie stopping.
2021年06月22日09時57分15秒_movie stopping.
2021年06月22日09時57分16秒_movie stopping.
2021年06月22日09時57分17秒_movie stopping.
2021年06月22日09時57分18秒_movie stopping.
2021年06月22日09時57分19秒_movie stopping.
2021年06月22日09時57分22秒_movie stopping.
2021年06月22日09時57分30秒_movie stopping.
2021年06月22日09時57分44秒_movie stopping.
2021年06月22日09時57分45秒_movie stopping.
2021年06月22日09時57分46秒_movie stopping.
2021年06月22日09時57分47秒_movie stopping.
2021年06月22日09時57分48秒_movie stopping.
2021年06月22日09時57分50秒_movie stopping.
2021年06月22日09時57分51秒_movie stopping.
2021年06月22日09時57分53秒_movie stopping.
2021年06月22日10時17分27秒_movie stopping.
2021年06月22日10時17分29秒_movie stopping.
2021年06月22日10時17分30秒_movie stopping.
2021年06月22日10時17分31秒_movie stopping.
2021年06月22日10時17分32秒_movie stopping.
2021年06月22日10時17分33秒_movie stopping.
2021年06月22日10時17分34秒_movie stopping.
2021年06月22日10時17分54秒_movie stopping.
2021年06月22日10時17分56秒_movie stopping.
2021年06月22日13時57分02秒_movie stopping.
2021年06月22日13時58分02秒_movie stopping.
2021年06月22日13時59分02秒_movie stopping.
2021年06月22日14時00分02秒_movie stopping.
not message
not message
not message
not message
not message
2021年06月22日15時46分02秒_再生中です。
2021年06月22日15時46分05秒_再生中です。
2021年06月22日15時47分02秒_再生中です。
2021年06月22日15時48分02秒_再生中です。
2021年06月22日15時48分30秒_再生中です。
2021年06月22日15時49分02秒_再生中です。
2021年06月22日15時49分40秒_再生中です。
2021年06月22日15時50分02秒_再生中です。
2021年06月22日15時50分19秒_1
2021年06月22日15時50分19秒_再生中です。
2021年06月22日15時51分02秒_1
2021年06月22日15時51分02秒_再生中です。
2021年06月22日15時51分29秒_Array
2021年06月22日15時51分29秒_再生中です。
2021年06月22日15時52分02秒_再生中です。
2021年06月22日15時52分34秒_再生中です。
2021年06月22日15時53分02秒_再生中です。
2021年06月22日15時54分02秒_再生中です。
2021年06月22日15時54分18秒_再生中です。
2021年06月22日15時55分02秒_再生中です。
2021年06月22日15時56分02秒_再生中です。
2021年06月22日15時57分02秒_再生中です。
2021年06月22日15時58分02秒_再生中です。
2021年06月22日15時59分02秒_再生中です。
2021年06月22日16時00分02秒_movie stopping.
2021年06月22日16時01分02秒_movie stopping.
2021年06月22日16時02分02秒_movie stopping.
2021年06月22日16時03分02秒_movie stopping.
2021年06月22日16時04分02秒_movie stopping.
2021年06月22日16時06分03秒_movie stopping.
2021年06月22日16時07分03秒_movie stopping.
2021年06月22日16時10分02秒_movie stopping.
2021年06月22日16時11分02秒_movie stopping.
2021年06月22日16時12分02秒_movie stopping.
2021年06月22日16時13分02秒_movie stopping.
2021年06月22日16時14分02秒_movie stopping.
2021年06月22日16時15分02秒_movie stopping.
2021年06月22日16時16分02秒_movie stopping.
2021年06月22日16時17分02秒_movie stopping.
2021年06月22日16時18分02秒_movie stopping.
2021年06月22日16時19分02秒_movie stopping.
2021年06月22日16時20分02秒_movie stopping.
2021年06月22日16時21分02秒_movie stopping.
2021年06月22日16時22分02秒_movie stopping.
2021年06月22日16時23分02秒_movie stopping.
2021年06月22日16時24分02秒_movie stopping.
2021年06月22日16時25分02秒_movie stopping.
2021年06月22日16時26分02秒_movie stopping.
2021年06月22日16時27分02秒_movie stopping.
2021年06月22日16時28分02秒_movie stopping.
2021年06月22日16時39分35秒_movie stopping.
2021年06月22日16時40分02秒_movie stopping.
2021年06月22日16時41分02秒_movie stopping.
2021年06月22日16時55分17秒_movie stopping.
2021年06月22日16時56分03秒_movie stopping.
2021年06月22日16時57分03秒_movie stopping.
2021年06月22日16時58分03秒_movie stopping.
2021年06月22日16時59分03秒_movie stopping.
2021年06月22日17時00分03秒_movie stopping.
2021年06月22日17時05分02秒_movie stopping.
2021年06月22日17時06分02秒_movie stopping.
2021年06月22日17時07分02秒_movie stopping.
2021年06月22日17時08分02秒_movie stopping.
2021年06月22日17時09分02秒_movie stopping.
2021年06月22日17時10分02秒_movie stopping.
2021年06月22日17時11分02秒_movie stopping.
2021年06月22日17時12分02秒_movie stopping.
2021年06月22日17時13分02秒_movie stopping.
2021年06月22日17時14分02秒_movie stopping.
