[2021-07-06 23:02:42] local.ERROR: file_put_contents(C:\xampp\cms\storage\framework\views/d65d62754b612bd62f2ec999a49043b6561ee09b.php): Failed to open stream: No such file or directory {"exception":"[object] (ErrorException(code: 0): file_put_contents(C:\\xampp\\cms\\storage\\framework\\views/d65d62754b612bd62f2ec999a49043b6561ee09b.php): Failed to open stream: No such file or directory at /home/vagrant/Workspace/cms/vendor/laravel/framework/src/Illuminate/Filesystem/Filesystem.php:133)
[stacktrace]
#0 [internal function]: Illuminate\\Foundation\\Bootstrap\\HandleExceptions->handleError()
#1 /home/vagrant/Workspace/cms/vendor/laravel/framework/src/Illuminate/Filesystem/Filesystem.php(133): file_put_contents()
#2 /home/vagrant/Workspace/cms/vendor/laravel/framework/src/Illuminate/View/Compilers/BladeCompiler.php(129): Illuminate\\Filesystem\\Filesystem->put()
#3 /home/vagrant/Workspace/cms/vendor/laravel/framework/src/Illuminate/View/Engines/CompilerEngine.php(51): Illuminate\\View\\Compilers\\BladeCompiler->compile()
#4 /home/vagrant/Workspace/cms/vendor/facade/ignition/src/Views/Engines/CompilerEngine.php(36): Illuminate\\View\\Engines\\CompilerEngine->get()
#5 /home/vagrant/Workspace/cms/vendor/laravel/framework/src/Illuminate/View/View.php(143): Facade\\Ignition\\Views\\Engines\\CompilerEngine->get()
#6 /home/vagrant/Workspace/cms/vendor/laravel/framework/src/Illuminate/View/View.php(126): Illuminate\\View\\View->getContents()
#7 /home/vagrant/Workspace/cms/vendor/laravel/framework/src/Illuminate/View/View.php(91): Illuminate\\View\\View->renderContents()
#8 /home/vagrant/Workspace/cms/vendor/laravel/framework/src/Illuminate/Http/Response.php(42): Illuminate\\View\\View->render()
#9 /home/vagrant/Workspace/cms/vendor/symfony/http-foundation/Response.php(205): Illuminate\\Http\\Response->setContent()
#10 /home/vagrant/Workspace/cms/vendor/laravel/framework/src/Illuminate/Routing/ResponseFactory.php(55): Symfony\\Component\\HttpFoundation\\Response->__construct()
#11 /home/vagrant/Workspace/cms/vendor/laravel/framework/src/Illuminate/Routing/ResponseFactory.php(85): Illuminate\\Routing\\ResponseFactory->make()
#12 /home/vagrant/Workspace/cms/vendor/laravel/framework/src/Illuminate/Foundation/Exceptions/Handler.php(410): Illuminate\\Routing\\ResponseFactory->view()
#13 /home/vagrant/Workspace/cms/vendor/laravel/framework/src/Illuminate/Foundation/Exceptions/Handler.php(315): Illuminate\\Foundation\\Exceptions\\Handler->renderHttpException()
#14 /home/vagrant/Workspace/cms/vendor/laravel/framework/src/Illuminate/Foundation/Exceptions/Handler.php(212): Illuminate\\Foundation\\Exceptions\\Handler->prepareResponse()
#15 /home/vagrant/Workspace/cms/app/Exceptions/Handler.php(53): Illuminate\\Foundation\\Exceptions\\Handler->render()
#16 /home/vagrant/Workspace/cms/vendor/laravel/framework/src/Illuminate/Routing/Pipeline.php(51): App\\Exceptions\\Handler->render()
#17 /home/vagrant/Workspace/cms/vendor/laravel/framework/src/Illuminate/Pipeline/Pipeline.php(132): Illuminate\\Routing\\Pipeline->handleException()
#18 /home/vagrant/Workspace/cms/vendor/laravel/framework/src/Illuminate/Foundation/Http/Middleware/TransformsRequest.php(21): Illuminate\\Pipeline\\Pipeline->Illuminate\\Pipeline\\{closure}()
#19 /home/vagrant/Workspace/cms/vendor/laravel/framework/src/Illuminate/Pipeline/Pipeline.php(171): Illuminate\\Foundation\\Http\\Middleware\\TransformsRequest->handle()
#20 /home/vagrant/Workspace/cms/vendor/laravel/framework/src/Illuminate/Foundation/Http/Middleware/TransformsRequest.php(21): Illuminate\\Pipeline\\Pipeline->Illuminate\\Pipeline\\{closure}()
#21 /home/vagrant/Workspace/cms/vendor/laravel/framework/src/Illuminate/Pipeline/Pipeline.php(171): Illuminate\\Foundation\\Http\\Middleware\\TransformsRequest->handle()
#22 /home/vagrant/Workspace/cms/vendor/laravel/framework/src/Illuminate/Foundation/Http/Middleware/ValidatePostSize.php(27): Illuminate\\Pipeline\\Pipeline->Illuminate\\Pipeline\\{closure}()
#23 /home/vagrant/Workspace/cms/vendor/laravel/framework/src/Illuminate/Pipeline/Pipeline.php(171): Illuminate\\Foundation\\Http\\Middleware\\ValidatePostSize->handle()
#24 /home/vagrant/Workspace/cms/vendor/laravel/framework/src/Illuminate/Foundation/Http/Middleware/CheckForMaintenanceMode.php(63): Illuminate\\Pipeline\\Pipeline->Illuminate\\Pipeline\\{closure}()
#25 /home/vagrant/Workspace/cms/vendor/laravel/framework/src/Illuminate/Pipeline/Pipeline.php(171): Illuminate\\Foundation\\Http\\Middleware\\CheckForMaintenanceMode->handle()
#26 /home/vagrant/Workspace/cms/vendor/fideloper/proxy/src/TrustProxies.php(57): Illuminate\\Pipeline\\Pipeline->Illuminate\\Pipeline\\{closure}()
#27 /home/vagrant/Workspace/cms/vendor/laravel/framework/src/Illuminate/Pipeline/Pipeline.php(171): Fideloper\\Proxy\\TrustProxies->handle()
#28 /home/vagrant/Workspace/cms/vendor/laravel/framework/src/Illuminate/Pipeline/Pipeline.php(105): Illuminate\\Pipeline\\Pipeline->Illuminate\\Pipeline\\{closure}()
#29 /home/vagrant/Workspace/cms/vendor/laravel/framework/src/Illuminate/Foundation/Http/Kernel.php(145): Illuminate\\Pipeline\\Pipeline->then()
#30 /home/vagrant/Workspace/cms/vendor/laravel/framework/src/Illuminate/Foundation/Http/Kernel.php(110): Illuminate\\Foundation\\Http\\Kernel->sendRequestThroughRouter()
#31 /home/vagrant/Workspace/cms/public/index.php(55): Illuminate\\Foundation\\Http\\Kernel->handle()
#32 /home/vagrant/Workspace/cms/server.php(21): require_once('...')
#33 {main}
"} 
[2021-07-06 23:04:56] local.ERROR: file_put_contents(C:\xampp\cms\storage\framework\views/d65d62754b612bd62f2ec999a49043b6561ee09b.php): Failed to open stream: No such file or directory {"exception":"[object] (ErrorException(code: 0): file_put_contents(C:\\xampp\\cms\\storage\\framework\\views/d65d62754b612bd62f2ec999a49043b6561ee09b.php): Failed to open stream: No such file or directory at /home/vagrant/Workspace/cms/vendor/laravel/framework/src/Illuminate/Filesystem/Filesystem.php:133)
[stacktrace]
#0 [internal function]: Illuminate\\Foundation\\Bootstrap\\HandleExceptions->handleError()
#1 /home/vagrant/Workspace/cms/vendor/laravel/framework/src/Illuminate/Filesystem/Filesystem.php(133): file_put_contents()
#2 /home/vagrant/Workspace/cms/vendor/laravel/framework/src/Illuminate/View/Compilers/BladeCompiler.php(129): Illuminate\\Filesystem\\Filesystem->put()
#3 /home/vagrant/Workspace/cms/vendor/laravel/framework/src/Illuminate/View/Engines/CompilerEngine.php(51): Illuminate\\View\\Compilers\\BladeCompiler->compile()
#4 /home/vagrant/Workspace/cms/vendor/facade/ignition/src/Views/Engines/CompilerEngine.php(36): Illuminate\\View\\Engines\\CompilerEngine->get()
#5 /home/vagrant/Workspace/cms/vendor/laravel/framework/src/Illuminate/View/View.php(143): Facade\\Ignition\\Views\\Engines\\CompilerEngine->get()
#6 /home/vagrant/Workspace/cms/vendor/laravel/framework/src/Illuminate/View/View.php(126): Illuminate\\View\\View->getContents()
#7 /home/vagrant/Workspace/cms/vendor/laravel/framework/src/Illuminate/View/View.php(91): Illuminate\\View\\View->renderContents()
#8 /home/vagrant/Workspace/cms/vendor/laravel/framework/src/Illuminate/Http/Response.php(42): Illuminate\\View\\View->render()
#9 /home/vagrant/Workspace/cms/vendor/symfony/http-foundation/Response.php(205): Illuminate\\Http\\Response->setContent()
#10 /home/vagrant/Workspace/cms/vendor/laravel/framework/src/Illuminate/Routing/ResponseFactory.php(55): Symfony\\Component\\HttpFoundation\\Response->__construct()
#11 /home/vagrant/Workspace/cms/vendor/laravel/framework/src/Illuminate/Routing/ResponseFactory.php(85): Illuminate\\Routing\\ResponseFactory->make()
#12 /home/vagrant/Workspace/cms/vendor/laravel/framework/src/Illuminate/Foundation/Exceptions/Handler.php(410): Illuminate\\Routing\\ResponseFactory->view()
#13 /home/vagrant/Workspace/cms/vendor/laravel/framework/src/Illuminate/Foundation/Exceptions/Handler.php(315): Illuminate\\Foundation\\Exceptions\\Handler->renderHttpException()
#14 /home/vagrant/Workspace/cms/vendor/laravel/framework/src/Illuminate/Foundation/Exceptions/Handler.php(212): Illuminate\\Foundation\\Exceptions\\Handler->prepareResponse()
#15 /home/vagrant/Workspace/cms/app/Exceptions/Handler.php(53): Illuminate\\Foundation\\Exceptions\\Handler->render()
#16 /home/vagrant/Workspace/cms/vendor/laravel/framework/src/Illuminate/Routing/Pipeline.php(51): App\\Exceptions\\Handler->render()
#17 /home/vagrant/Workspace/cms/vendor/laravel/framework/src/Illuminate/Pipeline/Pipeline.php(132): Illuminate\\Routing\\Pipeline->handleException()
#18 /home/vagrant/Workspace/cms/vendor/laravel/framework/src/Illuminate/Foundation/Http/Middleware/TransformsRequest.php(21): Illuminate\\Pipeline\\Pipeline->Illuminate\\Pipeline\\{closure}()
#19 /home/vagrant/Workspace/cms/vendor/laravel/framework/src/Illuminate/Pipeline/Pipeline.php(171): Illuminate\\Foundation\\Http\\Middleware\\TransformsRequest->handle()
#20 /home/vagrant/Workspace/cms/vendor/laravel/framework/src/Illuminate/Foundation/Http/Middleware/TransformsRequest.php(21): Illuminate\\Pipeline\\Pipeline->Illuminate\\Pipeline\\{closure}()
#21 /home/vagrant/Workspace/cms/vendor/laravel/framework/src/Illuminate/Pipeline/Pipeline.php(171): Illuminate\\Foundation\\Http\\Middleware\\TransformsRequest->handle()
#22 /home/vagrant/Workspace/cms/vendor/laravel/framework/src/Illuminate/Foundation/Http/Middleware/ValidatePostSize.php(27): Illuminate\\Pipeline\\Pipeline->Illuminate\\Pipeline\\{closure}()
#23 /home/vagrant/Workspace/cms/vendor/laravel/framework/src/Illuminate/Pipeline/Pipeline.php(171): Illuminate\\Foundation\\Http\\Middleware\\ValidatePostSize->handle()
#24 /home/vagrant/Workspace/cms/vendor/laravel/framework/src/Illuminate/Foundation/Http/Middleware/CheckForMaintenanceMode.php(63): Illuminate\\Pipeline\\Pipeline->Illuminate\\Pipeline\\{closure}()
#25 /home/vagrant/Workspace/cms/vendor/laravel/framework/src/Illuminate/Pipeline/Pipeline.php(171): Illuminate\\Foundation\\Http\\Middleware\\CheckForMaintenanceMode->handle()
#26 /home/vagrant/Workspace/cms/vendor/fideloper/proxy/src/TrustProxies.php(57): Illuminate\\Pipeline\\Pipeline->Illuminate\\Pipeline\\{closure}()
#27 /home/vagrant/Workspace/cms/vendor/laravel/framework/src/Illuminate/Pipeline/Pipeline.php(171): Fideloper\\Proxy\\TrustProxies->handle()
#28 /home/vagrant/Workspace/cms/vendor/laravel/framework/src/Illuminate/Pipeline/Pipeline.php(105): Illuminate\\Pipeline\\Pipeline->Illuminate\\Pipeline\\{closure}()
#29 /home/vagrant/Workspace/cms/vendor/laravel/framework/src/Illuminate/Foundation/Http/Kernel.php(145): Illuminate\\Pipeline\\Pipeline->then()
#30 /home/vagrant/Workspace/cms/vendor/laravel/framework/src/Illuminate/Foundation/Http/Kernel.php(110): Illuminate\\Foundation\\Http\\Kernel->sendRequestThroughRouter()
#31 /home/vagrant/Workspace/cms/public/index.php(55): Illuminate\\Foundation\\Http\\Kernel->handle()
#32 /home/vagrant/Workspace/cms/server.php(21): require_once('...')
#33 {main}
"} 
[2021-07-07 13:51:22] local.ERROR: file_put_contents(C:\xampp\cms\storage\framework\views/d65d62754b612bd62f2ec999a49043b6561ee09b.php): Failed to open stream: No such file or directory {"exception":"[object] (ErrorException(code: 0): file_put_contents(C:\\xampp\\cms\\storage\\framework\\views/d65d62754b612bd62f2ec999a49043b6561ee09b.php): Failed to open stream: No such file or directory at /home/vagrant/Workspace/cms/vendor/laravel/framework/src/Illuminate/Filesystem/Filesystem.php:133)
[stacktrace]
#0 [internal function]: Illuminate\\Foundation\\Bootstrap\\HandleExceptions->handleError()
#1 /home/vagrant/Workspace/cms/vendor/laravel/framework/src/Illuminate/Filesystem/Filesystem.php(133): file_put_contents()
#2 /home/vagrant/Workspace/cms/vendor/laravel/framework/src/Illuminate/View/Compilers/BladeCompiler.php(129): Illuminate\\Filesystem\\Filesystem->put()
#3 /home/vagrant/Workspace/cms/vendor/laravel/framework/src/Illuminate/View/Engines/CompilerEngine.php(51): Illuminate\\View\\Compilers\\BladeCompiler->compile()
#4 /home/vagrant/Workspace/cms/vendor/facade/ignition/src/Views/Engines/CompilerEngine.php(36): Illuminate\\View\\Engines\\CompilerEngine->get()
#5 /home/vagrant/Workspace/cms/vendor/laravel/framework/src/Illuminate/View/View.php(143): Facade\\Ignition\\Views\\Engines\\CompilerEngine->get()
#6 /home/vagrant/Workspace/cms/vendor/laravel/framework/src/Illuminate/View/View.php(126): Illuminate\\View\\View->getContents()
#7 /home/vagrant/Workspace/cms/vendor/laravel/framework/src/Illuminate/View/View.php(91): Illuminate\\View\\View->renderContents()
#8 /home/vagrant/Workspace/cms/vendor/laravel/framework/src/Illuminate/Http/Response.php(42): Illuminate\\View\\View->render()
#9 /home/vagrant/Workspace/cms/vendor/symfony/http-foundation/Response.php(205): Illuminate\\Http\\Response->setContent()
#10 /home/vagrant/Workspace/cms/vendor/laravel/framework/src/Illuminate/Routing/ResponseFactory.php(55): Symfony\\Component\\HttpFoundation\\Response->__construct()
#11 /home/vagrant/Workspace/cms/vendor/laravel/framework/src/Illuminate/Routing/ResponseFactory.php(85): Illuminate\\Routing\\ResponseFactory->make()
#12 /home/vagrant/Workspace/cms/vendor/laravel/framework/src/Illuminate/Foundation/Exceptions/Handler.php(410): Illuminate\\Routing\\ResponseFactory->view()
#13 /home/vagrant/Workspace/cms/vendor/laravel/framework/src/Illuminate/Foundation/Exceptions/Handler.php(315): Illuminate\\Foundation\\Exceptions\\Handler->renderHttpException()
#14 /home/vagrant/Workspace/cms/vendor/laravel/framework/src/Illuminate/Foundation/Exceptions/Handler.php(212): Illuminate\\Foundation\\Exceptions\\Handler->prepareResponse()
#15 /home/vagrant/Workspace/cms/app/Exceptions/Handler.php(53): Illuminate\\Foundation\\Exceptions\\Handler->render()
#16 /home/vagrant/Workspace/cms/vendor/laravel/framework/src/Illuminate/Routing/Pipeline.php(51): App\\Exceptions\\Handler->render()
#17 /home/vagrant/Workspace/cms/vendor/laravel/framework/src/Illuminate/Pipeline/Pipeline.php(132): Illuminate\\Routing\\Pipeline->handleException()
#18 /home/vagrant/Workspace/cms/vendor/laravel/framework/src/Illuminate/Foundation/Http/Middleware/TransformsRequest.php(21): Illuminate\\Pipeline\\Pipeline->Illuminate\\Pipeline\\{closure}()
#19 /home/vagrant/Workspace/cms/vendor/laravel/framework/src/Illuminate/Pipeline/Pipeline.php(171): Illuminate\\Foundation\\Http\\Middleware\\TransformsRequest->handle()
#20 /home/vagrant/Workspace/cms/vendor/laravel/framework/src/Illuminate/Foundation/Http/Middleware/TransformsRequest.php(21): Illuminate\\Pipeline\\Pipeline->Illuminate\\Pipeline\\{closure}()
#21 /home/vagrant/Workspace/cms/vendor/laravel/framework/src/Illuminate/Pipeline/Pipeline.php(171): Illuminate\\Foundation\\Http\\Middleware\\TransformsRequest->handle()
#22 /home/vagrant/Workspace/cms/vendor/laravel/framework/src/Illuminate/Foundation/Http/Middleware/ValidatePostSize.php(27): Illuminate\\Pipeline\\Pipeline->Illuminate\\Pipeline\\{closure}()
#23 /home/vagrant/Workspace/cms/vendor/laravel/framework/src/Illuminate/Pipeline/Pipeline.php(171): Illuminate\\Foundation\\Http\\Middleware\\ValidatePostSize->handle()
#24 /home/vagrant/Workspace/cms/vendor/laravel/framework/src/Illuminate/Foundation/Http/Middleware/CheckForMaintenanceMode.php(63): Illuminate\\Pipeline\\Pipeline->Illuminate\\Pipeline\\{closure}()
#25 /home/vagrant/Workspace/cms/vendor/laravel/framework/src/Illuminate/Pipeline/Pipeline.php(171): Illuminate\\Foundation\\Http\\Middleware\\CheckForMaintenanceMode->handle()
#26 /home/vagrant/Workspace/cms/vendor/fideloper/proxy/src/TrustProxies.php(57): Illuminate\\Pipeline\\Pipeline->Illuminate\\Pipeline\\{closure}()
#27 /home/vagrant/Workspace/cms/vendor/laravel/framework/src/Illuminate/Pipeline/Pipeline.php(171): Fideloper\\Proxy\\TrustProxies->handle()
#28 /home/vagrant/Workspace/cms/vendor/laravel/framework/src/Illuminate/Pipeline/Pipeline.php(105): Illuminate\\Pipeline\\Pipeline->Illuminate\\Pipeline\\{closure}()
#29 /home/vagrant/Workspace/cms/vendor/laravel/framework/src/Illuminate/Foundation/Http/Kernel.php(145): Illuminate\\Pipeline\\Pipeline->then()
#30 /home/vagrant/Workspace/cms/vendor/laravel/framework/src/Illuminate/Foundation/Http/Kernel.php(110): Illuminate\\Foundation\\Http\\Kernel->sendRequestThroughRouter()
#31 /home/vagrant/Workspace/cms/public/index.php(55): Illuminate\\Foundation\\Http\\Kernel->handle()
#32 /home/vagrant/Workspace/cms/server.php(21): require_once('...')
#33 {main}
"} 
[2021-07-07 21:30:23] local.ERROR: file_put_contents(C:\xampp\cms\storage\framework\views/d65d62754b612bd62f2ec999a49043b6561ee09b.php): Failed to open stream: No such file or directory {"exception":"[object] (ErrorException(code: 0): file_put_contents(C:\\xampp\\cms\\storage\\framework\\views/d65d62754b612bd62f2ec999a49043b6561ee09b.php): Failed to open stream: No such file or directory at /home/vagrant/Workspace/cms/vendor/laravel/framework/src/Illuminate/Filesystem/Filesystem.php:133)
[stacktrace]
#0 [internal function]: Illuminate\\Foundation\\Bootstrap\\HandleExceptions->handleError()
#1 /home/vagrant/Workspace/cms/vendor/laravel/framework/src/Illuminate/Filesystem/Filesystem.php(133): file_put_contents()
#2 /home/vagrant/Workspace/cms/vendor/laravel/framework/src/Illuminate/View/Compilers/BladeCompiler.php(129): Illuminate\\Filesystem\\Filesystem->put()
#3 /home/vagrant/Workspace/cms/vendor/laravel/framework/src/Illuminate/View/Engines/CompilerEngine.php(51): Illuminate\\View\\Compilers\\BladeCompiler->compile()
#4 /home/vagrant/Workspace/cms/vendor/facade/ignition/src/Views/Engines/CompilerEngine.php(36): Illuminate\\View\\Engines\\CompilerEngine->get()
#5 /home/vagrant/Workspace/cms/vendor/laravel/framework/src/Illuminate/View/View.php(143): Facade\\Ignition\\Views\\Engines\\CompilerEngine->get()
#6 /home/vagrant/Workspace/cms/vendor/laravel/framework/src/Illuminate/View/View.php(126): Illuminate\\View\\View->getContents()
#7 /home/vagrant/Workspace/cms/vendor/laravel/framework/src/Illuminate/View/View.php(91): Illuminate\\View\\View->renderContents()
#8 /home/vagrant/Workspace/cms/vendor/laravel/framework/src/Illuminate/Http/Response.php(42): Illuminate\\View\\View->render()
#9 /home/vagrant/Workspace/cms/vendor/symfony/http-foundation/Response.php(205): Illuminate\\Http\\Response->setContent()
#10 /home/vagrant/Workspace/cms/vendor/laravel/framework/src/Illuminate/Routing/ResponseFactory.php(55): Symfony\\Component\\HttpFoundation\\Response->__construct()
#11 /home/vagrant/Workspace/cms/vendor/laravel/framework/src/Illuminate/Routing/ResponseFactory.php(85): Illuminate\\Routing\\ResponseFactory->make()
#12 /home/vagrant/Workspace/cms/vendor/laravel/framework/src/Illuminate/Foundation/Exceptions/Handler.php(410): Illuminate\\Routing\\ResponseFactory->view()
#13 /home/vagrant/Workspace/cms/vendor/laravel/framework/src/Illuminate/Foundation/Exceptions/Handler.php(315): Illuminate\\Foundation\\Exceptions\\Handler->renderHttpException()
#14 /home/vagrant/Workspace/cms/vendor/laravel/framework/src/Illuminate/Foundation/Exceptions/Handler.php(212): Illuminate\\Foundation\\Exceptions\\Handler->prepareResponse()
#15 /home/vagrant/Workspace/cms/app/Exceptions/Handler.php(53): Illuminate\\Foundation\\Exceptions\\Handler->render()
#16 /home/vagrant/Workspace/cms/vendor/laravel/framework/src/Illuminate/Routing/Pipeline.php(51): App\\Exceptions\\Handler->render()
#17 /home/vagrant/Workspace/cms/vendor/laravel/framework/src/Illuminate/Pipeline/Pipeline.php(132): Illuminate\\Routing\\Pipeline->handleException()
#18 /home/vagrant/Workspace/cms/vendor/laravel/framework/src/Illuminate/Foundation/Http/Middleware/TransformsRequest.php(21): Illuminate\\Pipeline\\Pipeline->Illuminate\\Pipeline\\{closure}()
#19 /home/vagrant/Workspace/cms/vendor/laravel/framework/src/Illuminate/Pipeline/Pipeline.php(171): Illuminate\\Foundation\\Http\\Middleware\\TransformsRequest->handle()
#20 /home/vagrant/Workspace/cms/vendor/laravel/framework/src/Illuminate/Foundation/Http/Middleware/TransformsRequest.php(21): Illuminate\\Pipeline\\Pipeline->Illuminate\\Pipeline\\{closure}()
#21 /home/vagrant/Workspace/cms/vendor/laravel/framework/src/Illuminate/Pipeline/Pipeline.php(171): Illuminate\\Foundation\\Http\\Middleware\\TransformsRequest->handle()
#22 /home/vagrant/Workspace/cms/vendor/laravel/framework/src/Illuminate/Foundation/Http/Middleware/ValidatePostSize.php(27): Illuminate\\Pipeline\\Pipeline->Illuminate\\Pipeline\\{closure}()
#23 /home/vagrant/Workspace/cms/vendor/laravel/framework/src/Illuminate/Pipeline/Pipeline.php(171): Illuminate\\Foundation\\Http\\Middleware\\ValidatePostSize->handle()
#24 /home/vagrant/Workspace/cms/vendor/laravel/framework/src/Illuminate/Foundation/Http/Middleware/CheckForMaintenanceMode.php(63): Illuminate\\Pipeline\\Pipeline->Illuminate\\Pipeline\\{closure}()
#25 /home/vagrant/Workspace/cms/vendor/laravel/framework/src/Illuminate/Pipeline/Pipeline.php(171): Illuminate\\Foundation\\Http\\Middleware\\CheckForMaintenanceMode->handle()
#26 /home/vagrant/Workspace/cms/vendor/fideloper/proxy/src/TrustProxies.php(57): Illuminate\\Pipeline\\Pipeline->Illuminate\\Pipeline\\{closure}()
#27 /home/vagrant/Workspace/cms/vendor/laravel/framework/src/Illuminate/Pipeline/Pipeline.php(171): Fideloper\\Proxy\\TrustProxies->handle()
#28 /home/vagrant/Workspace/cms/vendor/laravel/framework/src/Illuminate/Pipeline/Pipeline.php(105): Illuminate\\Pipeline\\Pipeline->Illuminate\\Pipeline\\{closure}()
#29 /home/vagrant/Workspace/cms/vendor/laravel/framework/src/Illuminate/Foundation/Http/Kernel.php(145): Illuminate\\Pipeline\\Pipeline->then()
#30 /home/vagrant/Workspace/cms/vendor/laravel/framework/src/Illuminate/Foundation/Http/Kernel.php(110): Illuminate\\Foundation\\Http\\Kernel->sendRequestThroughRouter()
#31 /home/vagrant/Workspace/cms/public/index.php(55): Illuminate\\Foundation\\Http\\Kernel->handle()
#32 /home/vagrant/Workspace/cms/server.php(21): require_once('...')
#33 {main}
"} 
[2021-07-07 21:35:08] local.ERROR: file_put_contents(C:\xampp\cms\storage\framework\views/d65d62754b612bd62f2ec999a49043b6561ee09b.php): Failed to open stream: No such file or directory {"exception":"[object] (ErrorException(code: 0): file_put_contents(C:\\xampp\\cms\\storage\\framework\\views/d65d62754b612bd62f2ec999a49043b6561ee09b.php): Failed to open stream: No such file or directory at /home/vagrant/Workspace/cms/vendor/laravel/framework/src/Illuminate/Filesystem/Filesystem.php:133)
[stacktrace]
#0 [internal function]: Illuminate\\Foundation\\Bootstrap\\HandleExceptions->handleError()
#1 /home/vagrant/Workspace/cms/vendor/laravel/framework/src/Illuminate/Filesystem/Filesystem.php(133): file_put_contents()
#2 /home/vagrant/Workspace/cms/vendor/laravel/framework/src/Illuminate/View/Compilers/BladeCompiler.php(129): Illuminate\\Filesystem\\Filesystem->put()
#3 /home/vagrant/Workspace/cms/vendor/laravel/framework/src/Illuminate/View/Engines/CompilerEngine.php(51): Illuminate\\View\\Compilers\\BladeCompiler->compile()
#4 /home/vagrant/Workspace/cms/vendor/facade/ignition/src/Views/Engines/CompilerEngine.php(36): Illuminate\\View\\Engines\\CompilerEngine->get()
#5 /home/vagrant/Workspace/cms/vendor/laravel/framework/src/Illuminate/View/View.php(143): Facade\\Ignition\\Views\\Engines\\CompilerEngine->get()
#6 /home/vagrant/Workspace/cms/vendor/laravel/framework/src/Illuminate/View/View.php(126): Illuminate\\View\\View->getContents()
#7 /home/vagrant/Workspace/cms/vendor/laravel/framework/src/Illuminate/View/View.php(91): Illuminate\\View\\View->renderContents()
#8 /home/vagrant/Workspace/cms/vendor/laravel/framework/src/Illuminate/Http/Response.php(42): Illuminate\\View\\View->render()
#9 /home/vagrant/Workspace/cms/vendor/symfony/http-foundation/Response.php(205): Illuminate\\Http\\Response->setContent()
#10 /home/vagrant/Workspace/cms/vendor/laravel/framework/src/Illuminate/Routing/ResponseFactory.php(55): Symfony\\Component\\HttpFoundation\\Response->__construct()
#11 /home/vagrant/Workspace/cms/vendor/laravel/framework/src/Illuminate/Routing/ResponseFactory.php(85): Illuminate\\Routing\\ResponseFactory->make()
#12 /home/vagrant/Workspace/cms/vendor/laravel/framework/src/Illuminate/Foundation/Exceptions/Handler.php(410): Illuminate\\Routing\\ResponseFactory->view()
#13 /home/vagrant/Workspace/cms/vendor/laravel/framework/src/Illuminate/Foundation/Exceptions/Handler.php(315): Illuminate\\Foundation\\Exceptions\\Handler->renderHttpException()
#14 /home/vagrant/Workspace/cms/vendor/laravel/framework/src/Illuminate/Foundation/Exceptions/Handler.php(212): Illuminate\\Foundation\\Exceptions\\Handler->prepareResponse()
#15 /home/vagrant/Workspace/cms/app/Exceptions/Handler.php(53): Illuminate\\Foundation\\Exceptions\\Handler->render()
#16 /home/vagrant/Workspace/cms/vendor/laravel/framework/src/Illuminate/Routing/Pipeline.php(51): App\\Exceptions\\Handler->render()
#17 /home/vagrant/Workspace/cms/vendor/laravel/framework/src/Illuminate/Pipeline/Pipeline.php(132): Illuminate\\Routing\\Pipeline->handleException()
#18 /home/vagrant/Workspace/cms/vendor/laravel/framework/src/Illuminate/Foundation/Http/Middleware/TransformsRequest.php(21): Illuminate\\Pipeline\\Pipeline->Illuminate\\Pipeline\\{closure}()
#19 /home/vagrant/Workspace/cms/vendor/laravel/framework/src/Illuminate/Pipeline/Pipeline.php(171): Illuminate\\Foundation\\Http\\Middleware\\TransformsRequest->handle()
#20 /home/vagrant/Workspace/cms/vendor/laravel/framework/src/Illuminate/Foundation/Http/Middleware/TransformsRequest.php(21): Illuminate\\Pipeline\\Pipeline->Illuminate\\Pipeline\\{closure}()
#21 /home/vagrant/Workspace/cms/vendor/laravel/framework/src/Illuminate/Pipeline/Pipeline.php(171): Illuminate\\Foundation\\Http\\Middleware\\TransformsRequest->handle()
#22 /home/vagrant/Workspace/cms/vendor/laravel/framework/src/Illuminate/Foundation/Http/Middleware/ValidatePostSize.php(27): Illuminate\\Pipeline\\Pipeline->Illuminate\\Pipeline\\{closure}()
#23 /home/vagrant/Workspace/cms/vendor/laravel/framework/src/Illuminate/Pipeline/Pipeline.php(171): Illuminate\\Foundation\\Http\\Middleware\\ValidatePostSize->handle()
#24 /home/vagrant/Workspace/cms/vendor/laravel/framework/src/Illuminate/Foundation/Http/Middleware/CheckForMaintenanceMode.php(63): Illuminate\\Pipeline\\Pipeline->Illuminate\\Pipeline\\{closure}()
#25 /home/vagrant/Workspace/cms/vendor/laravel/framework/src/Illuminate/Pipeline/Pipeline.php(171): Illuminate\\Foundation\\Http\\Middleware\\CheckForMaintenanceMode->handle()
#26 /home/vagrant/Workspace/cms/vendor/fideloper/proxy/src/TrustProxies.php(57): Illuminate\\Pipeline\\Pipeline->Illuminate\\Pipeline\\{closure}()
#27 /home/vagrant/Workspace/cms/vendor/laravel/framework/src/Illuminate/Pipeline/Pipeline.php(171): Fideloper\\Proxy\\TrustProxies->handle()
#28 /home/vagrant/Workspace/cms/vendor/laravel/framework/src/Illuminate/Pipeline/Pipeline.php(105): Illuminate\\Pipeline\\Pipeline->Illuminate\\Pipeline\\{closure}()
#29 /home/vagrant/Workspace/cms/vendor/laravel/framework/src/Illuminate/Foundation/Http/Kernel.php(145): Illuminate\\Pipeline\\Pipeline->then()
#30 /home/vagrant/Workspace/cms/vendor/laravel/framework/src/Illuminate/Foundation/Http/Kernel.php(110): Illuminate\\Foundation\\Http\\Kernel->sendRequestThroughRouter()
#31 /home/vagrant/Workspace/cms/public/index.php(55): Illuminate\\Foundation\\Http\\Kernel->handle()
#32 /home/vagrant/Workspace/cms/server.php(21): require_once('...')
#33 {main}
"} 
